d:\pp2nd\pp2nd\pp2nd\x64\debug\vc143.pdb
d:\pp2nd\pp2nd\pp2nd\x64\debug\vc143.idb
d:\pp2nd\pp2nd\pp2nd\x64\debug\testscene.obj
d:\pp2nd\pp2nd\pp2nd\x64\debug\scenemanager.obj
d:\pp2nd\pp2nd\pp2nd\x64\debug\scene.obj
d:\pp2nd\pp2nd\pp2nd\x64\debug\main.obj
d:\pp2nd\pp2nd\pp2nd\x64\debug\inputsystem.obj
d:\pp2nd\pp2nd\pp2nd\x64\debug\drawpixel.obj
d:\pp2nd\pp2nd\pp2nd\x64\debug\map.obj
d:\pp2nd\pp2nd\pp2nd\x64\debug\camera.obj
d:\pp2nd\pp2nd\x64\debug\pp2nd.exe
d:\pp2nd\pp2nd\pp2nd\x64\debug\pp2nd.ilk
d:\pp2nd\pp2nd\x64\debug\pp2nd.pdb
d:\pp2nd\pp2nd\pp2nd\x64\debug\testscene.obj.enc
d:\pp2nd\pp2nd\pp2nd\x64\debug\pp2nd.tlog\cl.command.1.tlog
d:\pp2nd\pp2nd\pp2nd\x64\debug\pp2nd.tlog\cl.items.tlog
d:\pp2nd\pp2nd\pp2nd\x64\debug\pp2nd.tlog\cl.read.1.tlog
d:\pp2nd\pp2nd\pp2nd\x64\debug\pp2nd.tlog\cl.write.1.tlog
d:\pp2nd\pp2nd\pp2nd\x64\debug\pp2nd.tlog\link.command.1.tlog
d:\pp2nd\pp2nd\pp2nd\x64\debug\pp2nd.tlog\link.read.1.tlog
d:\pp2nd\pp2nd\pp2nd\x64\debug\pp2nd.tlog\link.write.1.tlog
