  Camera.cpp
D:\PP2nd\PP2nd\PP2nd\MyMath.h(11,25): warning C4244: 'return': 'double' から 'float' への変換です。データが失われる可能性があります。
  (ソース ファイル 'Camera.cpp' をコンパイルしています)
  
D:\PP2nd\PP2nd\PP2nd\MyMath.h(16,23): warning C4244: 'return': 'double' から 'float' への変換です。データが失われる可能性があります。
  (ソース ファイル 'Camera.cpp' をコンパイルしています)
  
D:\PP2nd\PP2nd\PP2nd\Camera.cpp(46,31): warning C4305: '引数': 'double' から 'float' へ切り詰めます。
  Cube.cpp
D:\PP2nd\PP2nd\PP2nd\MyMath.h(11,25): warning C4244: 'return': 'double' から 'float' への変換です。データが失われる可能性があります。
  (ソース ファイル 'Cube.cpp' をコンパイルしています)
  
D:\PP2nd\PP2nd\PP2nd\MyMath.h(16,23): warning C4244: 'return': 'double' から 'float' への変換です。データが失われる可能性があります。
  (ソース ファイル 'Cube.cpp' をコンパイルしています)
  
  GameManager.cpp
D:\PP2nd\PP2nd\PP2nd\MyMath.h(11,25): warning C4244: 'return': 'double' から 'float' への変換です。データが失われる可能性があります。
  (ソース ファイル 'GameManager.cpp' をコンパイルしています)
  
D:\PP2nd\PP2nd\PP2nd\MyMath.h(16,23): warning C4244: 'return': 'double' から 'float' への変換です。データが失われる可能性があります。
  (ソース ファイル 'GameManager.cpp' をコンパイルしています)
  
  HUD.cpp
D:\PP2nd\PP2nd\PP2nd\MyMath.h(11,25): warning C4244: 'return': 'double' から 'float' への変換です。データが失われる可能性があります。
  (ソース ファイル 'HUD.cpp' をコンパイルしています)
  
D:\PP2nd\PP2nd\PP2nd\MyMath.h(16,23): warning C4244: 'return': 'double' から 'float' への変換です。データが失われる可能性があります。
  (ソース ファイル 'HUD.cpp' をコンパイルしています)
  
D:\PP2nd\PP2nd\PP2nd\HUD.cpp(24,71): warning C4267: '引数': 'size_t' から 'int' に変換しました。データが失われているかもしれません。
  Item.cpp
D:\PP2nd\PP2nd\PP2nd\MyMath.h(11,25): warning C4244: 'return': 'double' から 'float' への変換です。データが失われる可能性があります。
  (ソース ファイル 'Item.cpp' をコンパイルしています)
  
D:\PP2nd\PP2nd\PP2nd\MyMath.h(16,23): warning C4244: 'return': 'double' から 'float' への変換です。データが失われる可能性があります。
  (ソース ファイル 'Item.cpp' をコンパイルしています)
  
  MainScreen.cpp
D:\PP2nd\PP2nd\PP2nd\MyMath.h(11,25): warning C4244: 'return': 'double' から 'float' への変換です。データが失われる可能性があります。
  (ソース ファイル 'MainScreen.cpp' をコンパイルしています)
  
D:\PP2nd\PP2nd\PP2nd\MyMath.h(16,23): warning C4244: 'return': 'double' から 'float' への変換です。データが失われる可能性があります。
  (ソース ファイル 'MainScreen.cpp' をコンパイルしています)
  
  SceneManager.cpp
D:\PP2nd\PP2nd\PP2nd\MyMath.h(11,25): warning C4244: 'return': 'double' から 'float' への変換です。データが失われる可能性があります。
  (ソース ファイル 'SceneManager.cpp' をコンパイルしています)
  
D:\PP2nd\PP2nd\PP2nd\MyMath.h(16,23): warning C4244: 'return': 'double' から 'float' への変換です。データが失われる可能性があります。
  (ソース ファイル 'SceneManager.cpp' をコンパイルしています)
  
  TestScene.cpp
D:\PP2nd\PP2nd\PP2nd\MyMath.h(11,25): warning C4244: 'return': 'double' から 'float' への変換です。データが失われる可能性があります。
  (ソース ファイル 'TestScene.cpp' をコンパイルしています)
  
D:\PP2nd\PP2nd\PP2nd\MyMath.h(16,23): warning C4244: 'return': 'double' から 'float' への変換です。データが失われる可能性があります。
  (ソース ファイル 'TestScene.cpp' をコンパイルしています)
  
  main.cpp
D:\PP2nd\PP2nd\PP2nd\MyMath.h(11,25): warning C4244: 'return': 'double' から 'float' への変換です。データが失われる可能性があります。
  (ソース ファイル 'main.cpp' をコンパイルしています)
  
D:\PP2nd\PP2nd\PP2nd\MyMath.h(16,23): warning C4244: 'return': 'double' から 'float' への変換です。データが失われる可能性があります。
  (ソース ファイル 'main.cpp' をコンパイルしています)
  
  コードを生成中...
D:\PP2nd\PP2nd\PP2nd\Cube.cpp(36): warning C4172: ローカル変数またはテンポラリのアドレスを返します: MHandle
  PP2nd.vcxproj -> D:\PP2nd\PP2nd\x64\Debug\PP2nd.exe
